<?xml version="1.0" encoding="UTF-8"?>
<!-- Generated by org.testng.reporters.JUnitXMLReporter -->
<testsuite hostname="RJ" name="Default test" tests="3" failures="0" timestamp="16 Aug 2019 04:24:46 GMT" time="11.77" errors="0">
  <testcase name="parsingthruJSONobject" time="0.618" classname="com.paypal.orders.tests.showorder"/>
  <testcase name="parsingthrugroovyscript" time="0.863" classname="com.paypal.orders.tests.showorder"/>
  <testcase name="parsingthrumappingtoclass" time="0.791" classname="com.paypal.orders.tests.showorder"/>
</testsuite> <!-- Default test -->
