<?xml version="1.0" encoding="UTF-8"?>
<testng-results skipped="0" failed="0" total="1" passed="1">
  <reporter-output>
  </reporter-output>
  <suite name="Default suite" duration-ms="39" started-at="2019-08-15T16:19:24Z" finished-at="2019-08-15T16:19:25Z">
    <groups>
    </groups>
    <test name="Default test" duration-ms="39" started-at="2019-08-15T16:19:24Z" finished-at="2019-08-15T16:19:25Z">
      <class name="com.paypal.createorder_resourcebuilder.resourcebuilder">
        <test-method status="PASS" signature="resourcebuild()[pri:0, instance:com.paypal.createorder_resourcebuilder.resourcebuilder@3c756e4d]" name="resourcebuild" duration-ms="17" started-at="2019-08-15T12:19:24Z" finished-at="2019-08-15T12:19:25Z">
          <reporter-output>
          </reporter-output>
        </test-method> <!-- resourcebuild -->
      </class> <!-- com.paypal.createorder_resourcebuilder.resourcebuilder -->
    </test> <!-- Default test -->
  </suite> <!-- Default suite -->
</testng-results>
